e:\dev\vsrepos\dx11engine\dx11tutstart\x64\debug\dx11tutstart.pch
e:\dev\vsrepos\dx11engine\dx11tutstart\x64\debug\vc141.pdb
e:\dev\vsrepos\dx11engine\dx11tutstart\x64\debug\vc141.idb
e:\dev\vsrepos\dx11engine\dx11tutstart\x64\debug\pch.obj
e:\dev\vsrepos\dx11engine\dx11tutstart\x64\debug\main.obj
e:\dev\vsrepos\dx11engine\dx11tutstart\x64\debug\game.obj
e:\dev\vsrepos\dx11engine\x64\debug\dx11tutstart.lib
e:\dev\vsrepos\dx11engine\x64\debug\dx11tutstart.exp
e:\dev\vsrepos\dx11engine\dx11tutstart\x64\debug\vcpkg.applocal.log
e:\dev\vsrepos\dx11engine\x64\debug\dx11tutstart.exe
e:\dev\vsrepos\dx11engine\x64\debug\dx11tutstart.ilk
e:\dev\vsrepos\dx11engine\x64\debug\dx11tutstart.pdb
e:\dev\vsrepos\dx11engine\dx11tutstart\x64\debug\resource.res
e:\dev\vsrepos\dx11engine\dx11tutstart\x64\debug\dx11tutstart.tlog\cl.command.1.tlog
e:\dev\vsrepos\dx11engine\dx11tutstart\x64\debug\dx11tutstart.tlog\cl.read.1.tlog
e:\dev\vsrepos\dx11engine\dx11tutstart\x64\debug\dx11tutstart.tlog\cl.write.1.tlog
e:\dev\vsrepos\dx11engine\dx11tutstart\x64\debug\dx11tutstart.tlog\dx11tutstart.write.1u.tlog
e:\dev\vsrepos\dx11engine\dx11tutstart\x64\debug\dx11tutstart.tlog\link.command.1.tlog
e:\dev\vsrepos\dx11engine\dx11tutstart\x64\debug\dx11tutstart.tlog\link.read.1.tlog
e:\dev\vsrepos\dx11engine\dx11tutstart\x64\debug\dx11tutstart.tlog\link.write.1.tlog
e:\dev\vsrepos\dx11engine\dx11tutstart\x64\debug\dx11tutstart.tlog\rc.command.1.tlog
e:\dev\vsrepos\dx11engine\dx11tutstart\x64\debug\dx11tutstart.tlog\rc.read.1.tlog
e:\dev\vsrepos\dx11engine\dx11tutstart\x64\debug\dx11tutstart.tlog\rc.write.1.tlog
