d:\documents\vs2017\repos\dx11engine\dx11tut01-sprites\x64\debug\dx11tut01-sprites.pch
d:\documents\vs2017\repos\dx11engine\dx11tut01-sprites\x64\debug\vc141.pdb
d:\documents\vs2017\repos\dx11engine\dx11tut01-sprites\x64\debug\vc141.idb
d:\documents\vs2017\repos\dx11engine\dx11tut01-sprites\x64\debug\pch.obj
d:\documents\vs2017\repos\dx11engine\dx11tut01-sprites\x64\debug\main.obj
d:\documents\vs2017\repos\dx11engine\dx11tut01-sprites\x64\debug\game.obj
d:\documents\vs2017\repos\dx11engine\dx11tut01-sprites\x64\debug\tut01sprites.obj
d:\documents\vs2017\repos\dx11engine\dx11tut01-sprites\x64\debug\mysprites.obj
d:\documents\vs2017\repos\dx11engine\x64\debug\dx11tut01-sprites.lib
d:\documents\vs2017\repos\dx11engine\x64\debug\dx11tut01-sprites.exp
d:\documents\vs2017\repos\dx11engine\x64\debug\dx11tut01-sprites.exe
d:\documents\vs2017\repos\dx11engine\x64\debug\dx11tut01-sprites.ilk
d:\documents\vs2017\repos\dx11engine\x64\debug\dx11tut01-sprites.pdb
d:\documents\vs2017\repos\dx11engine\dx11tut01-sprites\x64\debug\resource.res
d:\documents\vs2017\repos\dx11engine\dx11tut01-sprites\x64\debug\dxapplication.obj
d:\documents\vs2017\repos\dx11engine\dx11tut01-sprites\x64\debug\dx11tut0.dbb4a77e.tlog\cl.command.1.tlog
d:\documents\vs2017\repos\dx11engine\dx11tut01-sprites\x64\debug\dx11tut0.dbb4a77e.tlog\cl.read.1.tlog
d:\documents\vs2017\repos\dx11engine\dx11tut01-sprites\x64\debug\dx11tut0.dbb4a77e.tlog\cl.write.1.tlog
d:\documents\vs2017\repos\dx11engine\dx11tut01-sprites\x64\debug\dx11tut0.dbb4a77e.tlog\dx11tut01-sprites.write.1u.tlog
d:\documents\vs2017\repos\dx11engine\dx11tut01-sprites\x64\debug\dx11tut0.dbb4a77e.tlog\link.command.1.tlog
d:\documents\vs2017\repos\dx11engine\dx11tut01-sprites\x64\debug\dx11tut0.dbb4a77e.tlog\link.read.1.tlog
d:\documents\vs2017\repos\dx11engine\dx11tut01-sprites\x64\debug\dx11tut0.dbb4a77e.tlog\link.write.1.tlog
d:\documents\vs2017\repos\dx11engine\dx11tut01-sprites\x64\debug\dx11tut0.dbb4a77e.tlog\rc.command.1.tlog
d:\documents\vs2017\repos\dx11engine\dx11tut01-sprites\x64\debug\dx11tut0.dbb4a77e.tlog\rc.read.1.tlog
d:\documents\vs2017\repos\dx11engine\dx11tut01-sprites\x64\debug\dx11tut0.dbb4a77e.tlog\rc.write.1.tlog
