e:\dev\vsrepos\dx11engine\mowmodelviewer\x64\debug\vc141.pdb
e:\dev\vsrepos\dx11engine\mowmodelviewer\x64\debug\vc141.idb
e:\dev\vsrepos\dx11engine\mowmodelviewer\x64\debug\mowmodelviewer.obj
e:\dev\vsrepos\dx11engine\mowmodelviewer\x64\debug\textureclass.obj
e:\dev\vsrepos\dx11engine\mowmodelviewer\x64\debug\systemclass.obj
e:\dev\vsrepos\dx11engine\mowmodelviewer\x64\debug\modelclass.obj
e:\dev\vsrepos\dx11engine\mowmodelviewer\x64\debug\lightclass.obj
e:\dev\vsrepos\dx11engine\mowmodelviewer\x64\debug\inputclass.obj
e:\dev\vsrepos\dx11engine\mowmodelviewer\x64\debug\d3dclass.obj
e:\dev\vsrepos\dx11engine\mowmodelviewer\x64\debug\cameraclass.obj
e:\dev\vsrepos\dx11engine\mowmodelviewer\x64\debug\mowmodelviewer.pch
e:\dev\vsrepos\dx11engine\mowmodelviewer\x64\debug\stdafx.obj
e:\dev\vsrepos\dx11engine\mowmodelviewer\x64\debug\lightshaderclass.obj
e:\dev\vsrepos\dx11engine\mowmodelviewer\x64\debug\graphicsclass.obj
e:\dev\vsrepos\dx11engine\mowmodelviewer\x64\debug\wictextureloader.obj
e:\dev\vsrepos\dx11engine\mowmodelviewer\x64\debug\ddstextureloader.obj
e:\dev\vsrepos\dx11engine\x64\debug\mowmodelviewer.exe
e:\dev\vsrepos\dx11engine\x64\debug\mowmodelviewer.ilk
e:\dev\vsrepos\dx11engine\x64\debug\mowmodelviewer.pdb
e:\dev\vsrepos\dx11engine\mowmodelviewer\x64\debug\vcpkg.applocal.log
e:\dev\vsrepos\dx11engine\mowmodelviewer\x64\debug\mowmodelviewer.tlog\cl.command.1.tlog
e:\dev\vsrepos\dx11engine\mowmodelviewer\x64\debug\mowmodelviewer.tlog\cl.read.1.tlog
e:\dev\vsrepos\dx11engine\mowmodelviewer\x64\debug\mowmodelviewer.tlog\cl.write.1.tlog
e:\dev\vsrepos\dx11engine\mowmodelviewer\x64\debug\mowmodelviewer.tlog\link.command.1.tlog
e:\dev\vsrepos\dx11engine\mowmodelviewer\x64\debug\mowmodelviewer.tlog\link.read.1.tlog
e:\dev\vsrepos\dx11engine\mowmodelviewer\x64\debug\mowmodelviewer.tlog\link.write.1.tlog
e:\dev\vsrepos\dx11engine\mowmodelviewer\x64\debug\mowmodelviewer.tlog\mowmodelviewer.write.1u.tlog
